running egg_info
creating ../../build/jackal_teleop/jackal_teleop.egg-info
writing ../../build/jackal_teleop/jackal_teleop.egg-info/PKG-INFO
writing dependency_links to ../../build/jackal_teleop/jackal_teleop.egg-info/dependency_links.txt
writing entry points to ../../build/jackal_teleop/jackal_teleop.egg-info/entry_points.txt
writing requirements to ../../build/jackal_teleop/jackal_teleop.egg-info/requires.txt
writing top-level names to ../../build/jackal_teleop/jackal_teleop.egg-info/top_level.txt
writing manifest file '../../build/jackal_teleop/jackal_teleop.egg-info/SOURCES.txt'
reading manifest file '../../build/jackal_teleop/jackal_teleop.egg-info/SOURCES.txt'
writing manifest file '../../build/jackal_teleop/jackal_teleop.egg-info/SOURCES.txt'
running build
running build_py
creating /home/tomatoxplorers/jackal_ws/build/jackal_teleop/build
creating /home/tomatoxplorers/jackal_ws/build/jackal_teleop/build/lib
creating /home/tomatoxplorers/jackal_ws/build/jackal_teleop/build/lib/jackal_teleop
copying jackal_teleop/vel2bot.py -> /home/tomatoxplorers/jackal_ws/build/jackal_teleop/build/lib/jackal_teleop
copying jackal_teleop/__init__.py -> /home/tomatoxplorers/jackal_ws/build/jackal_teleop/build/lib/jackal_teleop
running install
running install_lib
creating /home/tomatoxplorers/jackal_ws/install/jackal_teleop/lib/python3.8/site-packages/jackal_teleop
copying /home/tomatoxplorers/jackal_ws/build/jackal_teleop/build/lib/jackal_teleop/vel2bot.py -> /home/tomatoxplorers/jackal_ws/install/jackal_teleop/lib/python3.8/site-packages/jackal_teleop
copying /home/tomatoxplorers/jackal_ws/build/jackal_teleop/build/lib/jackal_teleop/__init__.py -> /home/tomatoxplorers/jackal_ws/install/jackal_teleop/lib/python3.8/site-packages/jackal_teleop
byte-compiling /home/tomatoxplorers/jackal_ws/install/jackal_teleop/lib/python3.8/site-packages/jackal_teleop/vel2bot.py to vel2bot.cpython-38.pyc
byte-compiling /home/tomatoxplorers/jackal_ws/install/jackal_teleop/lib/python3.8/site-packages/jackal_teleop/__init__.py to __init__.cpython-38.pyc
running install_data
creating /home/tomatoxplorers/jackal_ws/install/jackal_teleop/share/ament_index
creating /home/tomatoxplorers/jackal_ws/install/jackal_teleop/share/ament_index/resource_index
creating /home/tomatoxplorers/jackal_ws/install/jackal_teleop/share/ament_index/resource_index/packages
copying resource/jackal_teleop -> /home/tomatoxplorers/jackal_ws/install/jackal_teleop/share/ament_index/resource_index/packages
copying package.xml -> /home/tomatoxplorers/jackal_ws/install/jackal_teleop/share/jackal_teleop
running install_egg_info
Copying ../../build/jackal_teleop/jackal_teleop.egg-info to /home/tomatoxplorers/jackal_ws/install/jackal_teleop/lib/python3.8/site-packages/jackal_teleop-0.0.0-py3.8.egg-info
running install_scripts
Installing vel2bot script to /home/tomatoxplorers/jackal_ws/install/jackal_teleop/lib/jackal_teleop
writing list of installed files to '/home/tomatoxplorers/jackal_ws/build/jackal_teleop/install.log'
