[11.956s] Invoking command in '/home/tomatoxplorers/jackal_ws/src/jackal_teleop': PYTHONPATH=/home/tomatoxplorers/jackal_ws/build/jackal_teleop/prefix_override:/usr/lib/python3/dist-packages/colcon_core/task/python/colcon_distutils_commands:/home/tomatoxplorers/jackal_ws/install/jackal_teleop/lib/python3.8/site-packages:${PYTHONPATH} /usr/bin/python3 -W ignore:setup.py install is deprecated setup.py egg_info --egg-base ../../build/jackal_teleop build --build-base /home/tomatoxplorers/jackal_ws/build/jackal_teleop/build install --record /home/tomatoxplorers/jackal_ws/build/jackal_teleop/install.log --single-version-externally-managed install_data
[14.198s] running egg_info
[14.200s] creating ../../build/jackal_teleop/jackal_teleop.egg-info
[14.200s] writing ../../build/jackal_teleop/jackal_teleop.egg-info/PKG-INFO
[14.202s] writing dependency_links to ../../build/jackal_teleop/jackal_teleop.egg-info/dependency_links.txt
[14.202s] writing entry points to ../../build/jackal_teleop/jackal_teleop.egg-info/entry_points.txt
[14.203s] writing requirements to ../../build/jackal_teleop/jackal_teleop.egg-info/requires.txt
[14.203s] writing top-level names to ../../build/jackal_teleop/jackal_teleop.egg-info/top_level.txt
[14.204s] writing manifest file '../../build/jackal_teleop/jackal_teleop.egg-info/SOURCES.txt'
[14.382s] reading manifest file '../../build/jackal_teleop/jackal_teleop.egg-info/SOURCES.txt'
[14.385s] writing manifest file '../../build/jackal_teleop/jackal_teleop.egg-info/SOURCES.txt'
[14.388s] running build
[14.389s] running build_py
[14.389s] creating /home/tomatoxplorers/jackal_ws/build/jackal_teleop/build
[14.390s] creating /home/tomatoxplorers/jackal_ws/build/jackal_teleop/build/lib
[14.390s] creating /home/tomatoxplorers/jackal_ws/build/jackal_teleop/build/lib/jackal_teleop
[14.390s] copying jackal_teleop/vel2bot.py -> /home/tomatoxplorers/jackal_ws/build/jackal_teleop/build/lib/jackal_teleop
[14.391s] copying jackal_teleop/__init__.py -> /home/tomatoxplorers/jackal_ws/build/jackal_teleop/build/lib/jackal_teleop
[14.391s] running install
[14.400s] running install_lib
[14.405s] creating /home/tomatoxplorers/jackal_ws/install/jackal_teleop/lib/python3.8/site-packages/jackal_teleop
[14.406s] copying /home/tomatoxplorers/jackal_ws/build/jackal_teleop/build/lib/jackal_teleop/vel2bot.py -> /home/tomatoxplorers/jackal_ws/install/jackal_teleop/lib/python3.8/site-packages/jackal_teleop
[14.406s] copying /home/tomatoxplorers/jackal_ws/build/jackal_teleop/build/lib/jackal_teleop/__init__.py -> /home/tomatoxplorers/jackal_ws/install/jackal_teleop/lib/python3.8/site-packages/jackal_teleop
[14.417s] byte-compiling /home/tomatoxplorers/jackal_ws/install/jackal_teleop/lib/python3.8/site-packages/jackal_teleop/vel2bot.py to vel2bot.cpython-38.pyc
[14.421s] byte-compiling /home/tomatoxplorers/jackal_ws/install/jackal_teleop/lib/python3.8/site-packages/jackal_teleop/__init__.py to __init__.cpython-38.pyc
[14.421s] running install_data
[14.422s] creating /home/tomatoxplorers/jackal_ws/install/jackal_teleop/share/ament_index
[14.423s] creating /home/tomatoxplorers/jackal_ws/install/jackal_teleop/share/ament_index/resource_index
[14.424s] creating /home/tomatoxplorers/jackal_ws/install/jackal_teleop/share/ament_index/resource_index/packages
[14.424s] copying resource/jackal_teleop -> /home/tomatoxplorers/jackal_ws/install/jackal_teleop/share/ament_index/resource_index/packages
[14.424s] copying package.xml -> /home/tomatoxplorers/jackal_ws/install/jackal_teleop/share/jackal_teleop
[14.425s] running install_egg_info
[14.438s] Copying ../../build/jackal_teleop/jackal_teleop.egg-info to /home/tomatoxplorers/jackal_ws/install/jackal_teleop/lib/python3.8/site-packages/jackal_teleop-0.0.0-py3.8.egg-info
[14.443s] running install_scripts
[14.568s] Installing vel2bot script to /home/tomatoxplorers/jackal_ws/install/jackal_teleop/lib/jackal_teleop
[14.569s] writing list of installed files to '/home/tomatoxplorers/jackal_ws/build/jackal_teleop/install.log'
[14.939s] Invoked command in '/home/tomatoxplorers/jackal_ws/src/jackal_teleop' returned '0': PYTHONPATH=/home/tomatoxplorers/jackal_ws/build/jackal_teleop/prefix_override:/usr/lib/python3/dist-packages/colcon_core/task/python/colcon_distutils_commands:/home/tomatoxplorers/jackal_ws/install/jackal_teleop/lib/python3.8/site-packages:${PYTHONPATH} /usr/bin/python3 -W ignore:setup.py install is deprecated setup.py egg_info --egg-base ../../build/jackal_teleop build --build-base /home/tomatoxplorers/jackal_ws/build/jackal_teleop/build install --record /home/tomatoxplorers/jackal_ws/build/jackal_teleop/install.log --single-version-externally-managed install_data
