running egg_info
creating ../../build/joycon/joycon.egg-info
writing ../../build/joycon/joycon.egg-info/PKG-INFO
writing dependency_links to ../../build/joycon/joycon.egg-info/dependency_links.txt
writing entry points to ../../build/joycon/joycon.egg-info/entry_points.txt
writing requirements to ../../build/joycon/joycon.egg-info/requires.txt
writing top-level names to ../../build/joycon/joycon.egg-info/top_level.txt
writing manifest file '../../build/joycon/joycon.egg-info/SOURCES.txt'
reading manifest file '../../build/joycon/joycon.egg-info/SOURCES.txt'
writing manifest file '../../build/joycon/joycon.egg-info/SOURCES.txt'
running build
running install
running install_data
creating /home/tomatoxplorers/jackal_ws/install/joycon/share/ament_index
creating /home/tomatoxplorers/jackal_ws/install/joycon/share/ament_index/resource_index
creating /home/tomatoxplorers/jackal_ws/install/joycon/share/ament_index/resource_index/packages
copying resource/joycon -> /home/tomatoxplorers/jackal_ws/install/joycon/share/ament_index/resource_index/packages
copying package.xml -> /home/tomatoxplorers/jackal_ws/install/joycon/share/joycon
running install_egg_info
Copying ../../build/joycon/joycon.egg-info to /home/tomatoxplorers/jackal_ws/install/joycon/lib/python3.8/site-packages/joycon-0.0.0-py3.8.egg-info
running install_scripts
Installing joycon2msgs script to /home/tomatoxplorers/jackal_ws/install/joycon/lib/joycon
writing list of installed files to '/home/tomatoxplorers/jackal_ws/build/joycon/install.log'
