[7.521s] Invoking command in '/home/tomatoxplorers/jackal_ws/src/jackal_teleop': PYTHONPATH=/home/tomatoxplorers/jackal_ws/build/jackal_teleop/prefix_override:/usr/lib/python3/dist-packages/colcon_core/task/python/colcon_distutils_commands:/home/tomatoxplorers/jackal_ws/install/jackal_teleop/lib/python3.8/site-packages:${PYTHONPATH} /usr/bin/python3 -W ignore:setup.py install is deprecated setup.py egg_info --egg-base ../../build/jackal_teleop build --build-base /home/tomatoxplorers/jackal_ws/build/jackal_teleop/build install --record /home/tomatoxplorers/jackal_ws/build/jackal_teleop/install.log --single-version-externally-managed install_data
[9.469s] running egg_info
[9.473s] writing ../../build/jackal_teleop/jackal_teleop.egg-info/PKG-INFO
[9.474s] writing dependency_links to ../../build/jackal_teleop/jackal_teleop.egg-info/dependency_links.txt
[9.475s] writing entry points to ../../build/jackal_teleop/jackal_teleop.egg-info/entry_points.txt
[9.478s] writing requirements to ../../build/jackal_teleop/jackal_teleop.egg-info/requires.txt
[9.479s] writing top-level names to ../../build/jackal_teleop/jackal_teleop.egg-info/top_level.txt
[9.656s] reading manifest file '../../build/jackal_teleop/jackal_teleop.egg-info/SOURCES.txt'
[9.660s] writing manifest file '../../build/jackal_teleop/jackal_teleop.egg-info/SOURCES.txt'
[9.660s] running build
[9.661s] running build_py
[9.661s] running install
[9.672s] running install_lib
[9.687s] running install_data
[9.687s] running install_egg_info
[9.701s] removing '/home/tomatoxplorers/jackal_ws/install/jackal_teleop/lib/python3.8/site-packages/jackal_teleop-0.0.0-py3.8.egg-info' (and everything under it)
[9.702s] Copying ../../build/jackal_teleop/jackal_teleop.egg-info to /home/tomatoxplorers/jackal_ws/install/jackal_teleop/lib/python3.8/site-packages/jackal_teleop-0.0.0-py3.8.egg-info
[9.707s] running install_scripts
[9.836s] Installing vel2bot script to /home/tomatoxplorers/jackal_ws/install/jackal_teleop/lib/jackal_teleop
[9.837s] writing list of installed files to '/home/tomatoxplorers/jackal_ws/build/jackal_teleop/install.log'
[9.956s] Invoked command in '/home/tomatoxplorers/jackal_ws/src/jackal_teleop' returned '0': PYTHONPATH=/home/tomatoxplorers/jackal_ws/build/jackal_teleop/prefix_override:/usr/lib/python3/dist-packages/colcon_core/task/python/colcon_distutils_commands:/home/tomatoxplorers/jackal_ws/install/jackal_teleop/lib/python3.8/site-packages:${PYTHONPATH} /usr/bin/python3 -W ignore:setup.py install is deprecated setup.py egg_info --egg-base ../../build/jackal_teleop build --build-base /home/tomatoxplorers/jackal_ws/build/jackal_teleop/build install --record /home/tomatoxplorers/jackal_ws/build/jackal_teleop/install.log --single-version-externally-managed install_data
